<?xml version="1.0" encoding="UTF-8"?>
<!-- Generated by org.testng.reporters.JUnitXMLReporter -->
<testsuite hostname="MYUSER-PC" name="Default test" tests="3" failures="0" timestamp="26 Aug 2022 05:12:07 GMT" time="0.048" errors="0">
  <testcase name="testOne" time="0.016" classname="com.rameshsoft.gitdemo.test.GitTest"/>
  <testcase name="testThree" time="0.001" classname="com.rameshsoft.gitdemo.test.GitTest"/>
  <testcase name="testTwo" time="0.001" classname="com.rameshsoft.gitdemo.test.GitTest"/>
</testsuite> <!-- Default test -->
