<?xml version="1.0" encoding="UTF-8"?>
<testng-results skipped="0" failed="0" total="3" passed="3">
  <reporter-output>
  </reporter-output>
  <suite name="Default suite" duration-ms="48" started-at="2022-08-26T05:12:07Z" finished-at="2022-08-26T05:12:07Z">
    <groups>
    </groups>
    <test name="Default test" duration-ms="48" started-at="2022-08-26T05:12:07Z" finished-at="2022-08-26T05:12:07Z">
      <class name="com.rameshsoft.gitdemo.test.GitTest">
        <test-method status="PASS" signature="testOne()[pri:0, instance:com.rameshsoft.gitdemo.test.GitTest@4563e9ab]" name="testOne" duration-ms="16" started-at="2022-08-26T10:42:07Z" finished-at="2022-08-26T10:42:07Z">
          <reporter-output>
          </reporter-output>
        </test-method> <!-- testOne -->
        <test-method status="PASS" signature="testThree()[pri:0, instance:com.rameshsoft.gitdemo.test.GitTest@4563e9ab]" name="testThree" duration-ms="1" started-at="2022-08-26T10:42:07Z" finished-at="2022-08-26T10:42:07Z">
          <reporter-output>
          </reporter-output>
        </test-method> <!-- testThree -->
        <test-method status="PASS" signature="testTwo()[pri:0, instance:com.rameshsoft.gitdemo.test.GitTest@4563e9ab]" name="testTwo" duration-ms="1" started-at="2022-08-26T10:42:07Z" finished-at="2022-08-26T10:42:07Z">
          <reporter-output>
          </reporter-output>
        </test-method> <!-- testTwo -->
      </class> <!-- com.rameshsoft.gitdemo.test.GitTest -->
    </test> <!-- Default test -->
  </suite> <!-- Default suite -->
</testng-results>
